  samplerate.c
  src_linear.c
  src_sinc.c
..\..\..\..\src\src_sinc.c(473): warning C4244: “=”: 从“double”转换到“float”，可能丢失数据
..\..\..\..\src\src_sinc.c(474): warning C4244: “=”: 从“double”转换到“float”，可能丢失数据
..\..\..\..\src\src_sinc.c(625): warning C4244: “=”: 从“double”转换到“float”，可能丢失数据
..\..\..\..\src\src_sinc.c(626): warning C4244: “=”: 从“double”转换到“float”，可能丢失数据
..\..\..\..\src\src_sinc.c(627): warning C4244: “=”: 从“double”转换到“float”，可能丢失数据
..\..\..\..\src\src_sinc.c(628): warning C4244: “=”: 从“double”转换到“float”，可能丢失数据
..\..\..\..\src\src_sinc.c(783): warning C4244: “=”: 从“double”转换到“float”，可能丢失数据
..\..\..\..\src\src_sinc.c(784): warning C4244: “=”: 从“double”转换到“float”，可能丢失数据
..\..\..\..\src\src_sinc.c(785): warning C4244: “=”: 从“double”转换到“float”，可能丢失数据
..\..\..\..\src\src_sinc.c(786): warning C4244: “=”: 从“double”转换到“float”，可能丢失数据
..\..\..\..\src\src_sinc.c(787): warning C4244: “=”: 从“double”转换到“float”，可能丢失数据
..\..\..\..\src\src_sinc.c(788): warning C4244: “=”: 从“double”转换到“float”，可能丢失数据
..\..\..\..\src\src_sinc.c(1009): warning C4244: “=”: 从“double”转换到“float”，可能丢失数据
..\..\..\..\src\src_sinc.c(1012): warning C4244: “=”: 从“double”转换到“float”，可能丢失数据
..\..\..\..\src\src_sinc.c(1015): warning C4244: “=”: 从“double”转换到“float”，可能丢失数据
..\..\..\..\src\src_sinc.c(1018): warning C4244: “=”: 从“double”转换到“float”，可能丢失数据
..\..\..\..\src\src_sinc.c(1021): warning C4244: “=”: 从“double”转换到“float”，可能丢失数据
..\..\..\..\src\src_sinc.c(1024): warning C4244: “=”: 从“double”转换到“float”，可能丢失数据
..\..\..\..\src\src_sinc.c(1027): warning C4244: “=”: 从“double”转换到“float”，可能丢失数据
..\..\..\..\src\src_sinc.c(1030): warning C4244: “=”: 从“double”转换到“float”，可能丢失数据
  src_zoh.c
    正在创建库 D:\water\libsamplerate-0.1.8\samplerate\build\win64\samplerate\Release\samplerate.lib 和对象 D:\water\libsamplerate-0.1.8\samplerate\build\win64\samplerate\Release\samplerate.exp
samplerate.exp : warning LNK4070: .EXP 中的 /OUT:libsamplerate-0.dll 指令与输出文件名“D:\water\libsamplerate-0.1.8\samplerate\build\win64\samplerate\Release\samplerate.dll”不同；忽略指令
  正在生成代码
  5 of 57 functions ( 8.8%) were compiled, the rest were copied from previous compilation.
    1 functions were new in current compilation
    0 functions had inline decision re-evaluated but remain unchanged
  已完成代码的生成
samplerate.exp : warning LNK4070: .EXP 中的 /OUT:libsamplerate-0.dll 指令与输出文件名“D:\water\libsamplerate-0.1.8\samplerate\build\win64\samplerate\Release\samplerate.dll”不同；忽略指令
  samplerate.vcxproj -> D:\water\libsamplerate-0.1.8\samplerate\build\win64\samplerate\Release\samplerate.dll
  samplerate.vcxproj -> D:\water\libsamplerate-0.1.8\samplerate\build\win64\samplerate\Release\samplerate.pdb (Full PDB)
